{"name":"hexo","hostname":"rsldeMacBook-Pro.local","pid":12302,"level":20,"msg":"Hexo version: \u001b[35m3.2.2\u001b[39m","time":"2017-03-22T21:09:17.442Z","v":0}
{"name":"hexo","hostname":"rsldeMacBook-Pro.local","pid":12302,"level":20,"msg":"Working directory: \u001b[35m~/Desktop/github/Blog/\u001b[39m","time":"2017-03-22T21:09:17.444Z","v":0}
{"name":"hexo","hostname":"rsldeMacBook-Pro.local","pid":12302,"level":20,"msg":"Config loaded: \u001b[35m~/Desktop/github/Blog/_config.yml\u001b[39m","time":"2017-03-22T21:09:17.513Z","v":0}
{"name":"hexo","hostname":"rsldeMacBook-Pro.local","pid":12302,"level":20,"msg":"Script loaded: \u001b[35mthemes/next/scripts/merge-configs.js\u001b[39m","time":"2017-03-22T21:09:17.527Z","v":0}
{"name":"hexo","hostname":"rsldeMacBook-Pro.local","pid":12302,"level":20,"msg":"Script loaded: \u001b[35mthemes/next/scripts/merge.js\u001b[39m","time":"2017-03-22T21:09:17.530Z","v":0}
{"name":"hexo","hostname":"rsldeMacBook-Pro.local","pid":12302,"level":20,"msg":"Script loaded: \u001b[35mthemes/next/scripts/tags/button.js\u001b[39m","time":"2017-03-22T21:09:17.531Z","v":0}
{"name":"hexo","hostname":"rsldeMacBook-Pro.local","pid":12302,"level":20,"msg":"Script loaded: \u001b[35mthemes/next/scripts/tags/center-quote.js\u001b[39m","time":"2017-03-22T21:09:17.531Z","v":0}
{"name":"hexo","hostname":"rsldeMacBook-Pro.local","pid":12302,"level":20,"msg":"Script loaded: \u001b[35mthemes/next/scripts/tags/full-image.js\u001b[39m","time":"2017-03-22T21:09:17.532Z","v":0}
{"name":"hexo","hostname":"rsldeMacBook-Pro.local","pid":12302,"level":50,"err":{"message":"Cannot find module 'hexo-util'","name":"Error","stack":"Error: Cannot find module 'hexo-util'\n    at Function.Module._resolveFilename (module.js:325:15)\n    at Function.Module._load (module.js:276:25)\n    at Module.require (module.js:353:17)\n    at require (/Users/rsl/Desktop/github/Blog/node_modules/hexo/lib/hexo/index.js:213:21)\n    at /Users/rsl/Desktop/github/Blog/themes/next/scripts/tags/exturl.js:8:12\n    at /Users/rsl/Desktop/github/Blog/node_modules/hexo/lib/hexo/index.js:229:12\n    at tryCatcher (/Users/rsl/Desktop/github/Blog/node_modules/hexo/node_modules/bluebird/js/release/util.js:16:23)\n    at Promise._settlePromiseFromHandler (/Users/rsl/Desktop/github/Blog/node_modules/hexo/node_modules/bluebird/js/release/promise.js:512:31)\n    at Promise._settlePromise (/Users/rsl/Desktop/github/Blog/node_modules/hexo/node_modules/bluebird/js/release/promise.js:569:18)\n    at Promise._settlePromise0 (/Users/rsl/Desktop/github/Blog/node_modules/hexo/node_modules/bluebird/js/release/promise.js:614:10)\n    at Promise._settlePromises (/Users/rsl/Desktop/github/Blog/node_modules/hexo/node_modules/bluebird/js/release/promise.js:693:18)\n    at Promise._fulfill (/Users/rsl/Desktop/github/Blog/node_modules/hexo/node_modules/bluebird/js/release/promise.js:638:18)\n    at Promise._resolveCallback (/Users/rsl/Desktop/github/Blog/node_modules/hexo/node_modules/bluebird/js/release/promise.js:432:57)\n    at Promise._settlePromiseFromHandler (/Users/rsl/Desktop/github/Blog/node_modules/hexo/node_modules/bluebird/js/release/promise.js:524:17)\n    at Promise._settlePromise (/Users/rsl/Desktop/github/Blog/node_modules/hexo/node_modules/bluebird/js/release/promise.js:569:18)\n    at Promise._settlePromise0 (/Users/rsl/Desktop/github/Blog/node_modules/hexo/node_modules/bluebird/js/release/promise.js:614:10)\n    at Promise._settlePromises (/Users/rsl/Desktop/github/Blog/node_modules/hexo/node_modules/bluebird/js/release/promise.js:693:18)\n    at Promise._fulfill (/Users/rsl/Desktop/github/Blog/node_modules/hexo/node_modules/bluebird/js/release/promise.js:638:18)\n    at /Users/rsl/Desktop/github/Blog/node_modules/hexo/node_modules/bluebird/js/release/nodeback.js:42:21\n    at /Users/rsl/Desktop/github/Blog/node_modules/hexo/node_modules/hexo-fs/node_modules/graceful-fs/graceful-fs.js:78:16\n    at FSReqWrap.readFileAfterClose [as oncomplete] (fs.js:380:3)","code":"MODULE_NOT_FOUND"},"msg":"Script load failed: \u001b[35mthemes/next/scripts/tags/exturl.js\u001b[39m","time":"2017-03-22T21:09:17.533Z","v":0}
{"name":"hexo","hostname":"rsldeMacBook-Pro.local","pid":12302,"level":20,"msg":"Script loaded: \u001b[35mthemes/next/scripts/tags/group-pictures.js\u001b[39m","time":"2017-03-22T21:09:17.535Z","v":0}
{"name":"hexo","hostname":"rsldeMacBook-Pro.local","pid":12302,"level":20,"msg":"Script loaded: \u001b[35mthemes/next/scripts/tags/note.js\u001b[39m","time":"2017-03-22T21:09:17.535Z","v":0}
{"name":"hexo","hostname":"rsldeMacBook-Pro.local","pid":12302,"level":20,"msg":"Plugin loaded: \u001b[35mhexo-deployer-git\u001b[39m","time":"2017-03-22T21:09:17.709Z","v":0}
{"name":"hexo","hostname":"rsldeMacBook-Pro.local","pid":12302,"level":20,"msg":"Plugin loaded: \u001b[35mhexo-generator-archive\u001b[39m","time":"2017-03-22T21:09:17.711Z","v":0}
{"name":"hexo","hostname":"rsldeMacBook-Pro.local","pid":12302,"level":20,"msg":"Plugin loaded: \u001b[35mhexo-generator-category\u001b[39m","time":"2017-03-22T21:09:17.712Z","v":0}
{"name":"hexo","hostname":"rsldeMacBook-Pro.local","pid":12302,"level":20,"msg":"Plugin loaded: \u001b[35mhexo-generator-index\u001b[39m","time":"2017-03-22T21:09:17.714Z","v":0}
{"name":"hexo","hostname":"rsldeMacBook-Pro.local","pid":12302,"level":20,"msg":"Plugin loaded: \u001b[35mhexo-generator-tag\u001b[39m","time":"2017-03-22T21:09:17.716Z","v":0}
{"name":"hexo","hostname":"rsldeMacBook-Pro.local","pid":12302,"level":20,"msg":"Plugin loaded: \u001b[35mhexo-renderer-ejs\u001b[39m","time":"2017-03-22T21:09:17.719Z","v":0}
{"name":"hexo","hostname":"rsldeMacBook-Pro.local","pid":12302,"level":20,"msg":"Plugin loaded: \u001b[35mhexo-renderer-marked\u001b[39m","time":"2017-03-22T21:09:17.786Z","v":0}
{"name":"hexo","hostname":"rsldeMacBook-Pro.local","pid":12302,"level":20,"msg":"Plugin loaded: \u001b[35mhexo-renderer-stylus\u001b[39m","time":"2017-03-22T21:09:17.787Z","v":0}
{"name":"hexo","hostname":"rsldeMacBook-Pro.local","pid":12302,"level":20,"msg":"Plugin loaded: \u001b[35mhexo-server\u001b[39m","time":"2017-03-22T21:09:17.964Z","v":0}
{"name":"hexo","hostname":"rsldeMacBook-Pro.local","pid":12302,"level":20,"msg":"Loading database.","time":"2017-03-22T21:09:17.974Z","v":0}
{"name":"hexo","hostname":"rsldeMacBook-Pro.local","pid":12302,"level":30,"msg":"Start processing","time":"2017-03-22T21:09:17.983Z","v":0}
{"name":"hexo","hostname":"rsldeMacBook-Pro.local","pid":12302,"level":20,"msg":"Theme config loaded.","time":"2017-03-22T21:09:18.092Z","v":0}
{"name":"hexo","hostname":"rsldeMacBook-Pro.local","pid":12302,"level":20,"msg":"Processed: \u001b[35m_config.yml\u001b[39m","time":"2017-03-22T21:09:18.093Z","v":0}
{"name":"hexo","hostname":"rsldeMacBook-Pro.local","pid":12302,"level":20,"msg":"Processed: \u001b[35msource/css/main.styl\u001b[39m","time":"2017-03-22T21:09:18.102Z","v":0}
{"name":"hexo","hostname":"rsldeMacBook-Pro.local","pid":12302,"level":20,"msg":"Processed: \u001b[35msource/images/algolia_logo.svg\u001b[39m","time":"2017-03-22T21:09:18.117Z","v":0}
{"name":"hexo","hostname":"rsldeMacBook-Pro.local","pid":12302,"level":20,"msg":"Processed: \u001b[35msource/images/avatar.gif\u001b[39m","time":"2017-03-22T21:09:18.118Z","v":0}
{"name":"hexo","hostname":"rsldeMacBook-Pro.local","pid":12302,"level":20,"msg":"Processed: \u001b[35msource/images/cc-by-nc-nd.svg\u001b[39m","time":"2017-03-22T21:09:18.118Z","v":0}
{"name":"hexo","hostname":"rsldeMacBook-Pro.local","pid":12302,"level":20,"msg":"Processed: \u001b[35msource/images/cc-by-nc.svg\u001b[39m","time":"2017-03-22T21:09:18.119Z","v":0}
{"name":"hexo","hostname":"rsldeMacBook-Pro.local","pid":12302,"level":20,"msg":"Processed: \u001b[35msource/images/cc-by.svg\u001b[39m","time":"2017-03-22T21:09:18.119Z","v":0}
{"name":"hexo","hostname":"rsldeMacBook-Pro.local","pid":12302,"level":20,"msg":"Processed: \u001b[35msource/images/cc-by-nd.svg\u001b[39m","time":"2017-03-22T21:09:18.120Z","v":0}
{"name":"hexo","hostname":"rsldeMacBook-Pro.local","pid":12302,"level":20,"msg":"Processed: \u001b[35msource/images/cc-by-nc-sa.svg\u001b[39m","time":"2017-03-22T21:09:18.120Z","v":0}
{"name":"hexo","hostname":"rsldeMacBook-Pro.local","pid":12302,"level":20,"msg":"Processed: \u001b[35msource/images/cc-by-sa.svg\u001b[39m","time":"2017-03-22T21:09:18.122Z","v":0}
{"name":"hexo","hostname":"rsldeMacBook-Pro.local","pid":12302,"level":20,"msg":"Processed: \u001b[35msource/images/placeholder.gif\u001b[39m","time":"2017-03-22T21:09:18.123Z","v":0}
{"name":"hexo","hostname":"rsldeMacBook-Pro.local","pid":12302,"level":20,"msg":"Processed: \u001b[35msource/images/loading.gif\u001b[39m","time":"2017-03-22T21:09:18.124Z","v":0}
{"name":"hexo","hostname":"rsldeMacBook-Pro.local","pid":12302,"level":20,"msg":"Processed: \u001b[35msource/images/cc-zero.svg\u001b[39m","time":"2017-03-22T21:09:18.124Z","v":0}
{"name":"hexo","hostname":"rsldeMacBook-Pro.local","pid":12302,"level":20,"msg":"Processed: \u001b[35msource/images/quote-l.svg\u001b[39m","time":"2017-03-22T21:09:18.125Z","v":0}
{"name":"hexo","hostname":"rsldeMacBook-Pro.local","pid":12302,"level":20,"msg":"Processed: \u001b[35msource/images/searchicon.png\u001b[39m","time":"2017-03-22T21:09:18.126Z","v":0}
{"name":"hexo","hostname":"rsldeMacBook-Pro.local","pid":12302,"level":20,"msg":"Processed: \u001b[35msource/images/quote-r.svg\u001b[39m","time":"2017-03-22T21:09:18.127Z","v":0}
{"name":"hexo","hostname":"rsldeMacBook-Pro.local","pid":12302,"level":20,"msg":"Processed: \u001b[35mlayout/_layout.swig\u001b[39m","time":"2017-03-22T21:09:18.282Z","v":0}
{"name":"hexo","hostname":"rsldeMacBook-Pro.local","pid":12302,"level":20,"msg":"Processed: \u001b[35mlayout/archive.swig\u001b[39m","time":"2017-03-22T21:09:18.282Z","v":0}
{"name":"hexo","hostname":"rsldeMacBook-Pro.local","pid":12302,"level":20,"msg":"Processed: \u001b[35mlayout/category.swig\u001b[39m","time":"2017-03-22T21:09:18.283Z","v":0}
{"name":"hexo","hostname":"rsldeMacBook-Pro.local","pid":12302,"level":20,"msg":"Processed: \u001b[35mlayout/index.swig\u001b[39m","time":"2017-03-22T21:09:18.283Z","v":0}
{"name":"hexo","hostname":"rsldeMacBook-Pro.local","pid":12302,"level":20,"msg":"Processed: \u001b[35mlayout/post.swig\u001b[39m","time":"2017-03-22T21:09:18.283Z","v":0}
{"name":"hexo","hostname":"rsldeMacBook-Pro.local","pid":12302,"level":20,"msg":"Processed: \u001b[35mlayout/schedule.swig\u001b[39m","time":"2017-03-22T21:09:18.283Z","v":0}
{"name":"hexo","hostname":"rsldeMacBook-Pro.local","pid":12302,"level":20,"msg":"Processed: \u001b[35mlayout/page.swig\u001b[39m","time":"2017-03-22T21:09:18.283Z","v":0}
{"name":"hexo","hostname":"rsldeMacBook-Pro.local","pid":12302,"level":20,"msg":"Processed: \u001b[35mlayout/tag.swig\u001b[39m","time":"2017-03-22T21:09:18.283Z","v":0}
{"name":"hexo","hostname":"rsldeMacBook-Pro.local","pid":12302,"level":20,"msg":"Processed: \u001b[35m_posts/hello-world.md\u001b[39m","time":"2017-03-22T21:09:18.299Z","v":0}
{"name":"hexo","hostname":"rsldeMacBook-Pro.local","pid":12302,"level":20,"msg":"Processed: \u001b[35mlanguages/de.yml\u001b[39m","time":"2017-03-22T21:09:18.299Z","v":0}
{"name":"hexo","hostname":"rsldeMacBook-Pro.local","pid":12302,"level":20,"msg":"Processed: \u001b[35mlanguages/default.yml\u001b[39m","time":"2017-03-22T21:09:18.299Z","v":0}
{"name":"hexo","hostname":"rsldeMacBook-Pro.local","pid":12302,"level":20,"msg":"Processed: \u001b[35mlanguages/en.yml\u001b[39m","time":"2017-03-22T21:09:18.299Z","v":0}
{"name":"hexo","hostname":"rsldeMacBook-Pro.local","pid":12302,"level":20,"msg":"Processed: \u001b[35mlanguages/fr-FR.yml\u001b[39m","time":"2017-03-22T21:09:18.299Z","v":0}
{"name":"hexo","hostname":"rsldeMacBook-Pro.local","pid":12302,"level":20,"msg":"Processed: \u001b[35mlanguages/id.yml\u001b[39m","time":"2017-03-22T21:09:18.299Z","v":0}
{"name":"hexo","hostname":"rsldeMacBook-Pro.local","pid":12302,"level":20,"msg":"Processed: \u001b[35mlanguages/ja.yml\u001b[39m","time":"2017-03-22T21:09:18.300Z","v":0}
{"name":"hexo","hostname":"rsldeMacBook-Pro.local","pid":12302,"level":20,"msg":"Processed: \u001b[35mlanguages/ko.yml\u001b[39m","time":"2017-03-22T21:09:18.300Z","v":0}
{"name":"hexo","hostname":"rsldeMacBook-Pro.local","pid":12302,"level":20,"msg":"Processed: \u001b[35mlanguages/pt-BR.yml\u001b[39m","time":"2017-03-22T21:09:18.300Z","v":0}
{"name":"hexo","hostname":"rsldeMacBook-Pro.local","pid":12302,"level":20,"msg":"Processed: \u001b[35mlanguages/pt.yml\u001b[39m","time":"2017-03-22T21:09:18.300Z","v":0}
{"name":"hexo","hostname":"rsldeMacBook-Pro.local","pid":12302,"level":20,"msg":"Processed: \u001b[35mlanguages/ru.yml\u001b[39m","time":"2017-03-22T21:09:18.300Z","v":0}
{"name":"hexo","hostname":"rsldeMacBook-Pro.local","pid":12302,"level":20,"msg":"Processed: \u001b[35mlanguages/zh-Hans.yml\u001b[39m","time":"2017-03-22T21:09:18.300Z","v":0}
{"name":"hexo","hostname":"rsldeMacBook-Pro.local","pid":12302,"level":20,"msg":"Processed: \u001b[35mlanguages/zh-hk.yml\u001b[39m","time":"2017-03-22T21:09:18.300Z","v":0}
{"name":"hexo","hostname":"rsldeMacBook-Pro.local","pid":12302,"level":20,"msg":"Processed: \u001b[35mlanguages/zh-tw.yml\u001b[39m","time":"2017-03-22T21:09:18.300Z","v":0}
{"name":"hexo","hostname":"rsldeMacBook-Pro.local","pid":12302,"level":20,"msg":"Processed: \u001b[35msource/js/src/exturl.js\u001b[39m","time":"2017-03-22T21:09:18.337Z","v":0}
{"name":"hexo","hostname":"rsldeMacBook-Pro.local","pid":12302,"level":20,"msg":"Processed: \u001b[35msource/js/src/algolia-search.js\u001b[39m","time":"2017-03-22T21:09:18.338Z","v":0}
{"name":"hexo","hostname":"rsldeMacBook-Pro.local","pid":12302,"level":20,"msg":"Processed: \u001b[35msource/js/src/bootstrap.js\u001b[39m","time":"2017-03-22T21:09:18.338Z","v":0}
{"name":"hexo","hostname":"rsldeMacBook-Pro.local","pid":12302,"level":20,"msg":"Processed: \u001b[35msource/js/src/affix.js\u001b[39m","time":"2017-03-22T21:09:18.339Z","v":0}
{"name":"hexo","hostname":"rsldeMacBook-Pro.local","pid":12302,"level":20,"msg":"Processed: \u001b[35msource/js/src/hook-duoshuo.js\u001b[39m","time":"2017-03-22T21:09:18.339Z","v":0}
{"name":"hexo","hostname":"rsldeMacBook-Pro.local","pid":12302,"level":20,"msg":"Processed: \u001b[35msource/js/src/post-details.js\u001b[39m","time":"2017-03-22T21:09:18.339Z","v":0}
{"name":"hexo","hostname":"rsldeMacBook-Pro.local","pid":12302,"level":20,"msg":"Processed: \u001b[35msource/js/src/motion.js\u001b[39m","time":"2017-03-22T21:09:18.339Z","v":0}
{"name":"hexo","hostname":"rsldeMacBook-Pro.local","pid":12302,"level":20,"msg":"Processed: \u001b[35msource/js/src/scrollspy.js\u001b[39m","time":"2017-03-22T21:09:18.340Z","v":0}
{"name":"hexo","hostname":"rsldeMacBook-Pro.local","pid":12302,"level":20,"msg":"Processed: \u001b[35msource/js/src/utils.js\u001b[39m","time":"2017-03-22T21:09:18.341Z","v":0}
{"name":"hexo","hostname":"rsldeMacBook-Pro.local","pid":12302,"level":20,"msg":"Processed: \u001b[35msource/lib/algolia-instant-search/instantsearch.min.css\u001b[39m","time":"2017-03-22T21:09:18.341Z","v":0}
{"name":"hexo","hostname":"rsldeMacBook-Pro.local","pid":12302,"level":20,"msg":"Processed: \u001b[35msource/lib/fastclick/LICENSE\u001b[39m","time":"2017-03-22T21:09:18.342Z","v":0}
{"name":"hexo","hostname":"rsldeMacBook-Pro.local","pid":12302,"level":20,"msg":"Processed: \u001b[35msource/lib/fastclick/bower.json\u001b[39m","time":"2017-03-22T21:09:18.343Z","v":0}
{"name":"hexo","hostname":"rsldeMacBook-Pro.local","pid":12302,"level":20,"msg":"Processed: \u001b[35msource/lib/fastclick/README.md\u001b[39m","time":"2017-03-22T21:09:18.343Z","v":0}
{"name":"hexo","hostname":"rsldeMacBook-Pro.local","pid":12302,"level":20,"msg":"Processed: \u001b[35msource/lib/canvas-nest/canvas-nest.min.js\u001b[39m","time":"2017-03-22T21:09:18.343Z","v":0}
{"name":"hexo","hostname":"rsldeMacBook-Pro.local","pid":12302,"level":20,"msg":"Processed: \u001b[35msource/lib/font-awesome/bower.json\u001b[39m","time":"2017-03-22T21:09:18.344Z","v":0}
{"name":"hexo","hostname":"rsldeMacBook-Pro.local","pid":12302,"level":20,"msg":"Processed: \u001b[35msource/lib/font-awesome/HELP-US-OUT.txt\u001b[39m","time":"2017-03-22T21:09:18.344Z","v":0}
{"name":"hexo","hostname":"rsldeMacBook-Pro.local","pid":12302,"level":20,"msg":"Processed: \u001b[35msource/lib/jquery_lazyload/CONTRIBUTING.md\u001b[39m","time":"2017-03-22T21:09:18.345Z","v":0}
{"name":"hexo","hostname":"rsldeMacBook-Pro.local","pid":12302,"level":20,"msg":"Processed: \u001b[35msource/lib/jquery_lazyload/bower.json\u001b[39m","time":"2017-03-22T21:09:18.346Z","v":0}
{"name":"hexo","hostname":"rsldeMacBook-Pro.local","pid":12302,"level":20,"msg":"Processed: \u001b[35msource/lib/jquery_lazyload/jquery.scrollstop.js\u001b[39m","time":"2017-03-22T21:09:18.347Z","v":0}
{"name":"hexo","hostname":"rsldeMacBook-Pro.local","pid":12302,"level":20,"msg":"Processed: \u001b[35msource/lib/jquery_lazyload/jquery.lazyload.js\u001b[39m","time":"2017-03-22T21:09:18.347Z","v":0}
{"name":"hexo","hostname":"rsldeMacBook-Pro.local","pid":12302,"level":20,"msg":"Processed: \u001b[35msource/lib/jquery_lazyload/README.md\u001b[39m","time":"2017-03-22T21:09:18.347Z","v":0}
{"name":"hexo","hostname":"rsldeMacBook-Pro.local","pid":12302,"level":20,"msg":"Processed: \u001b[35msource/lib/velocity/bower.json\u001b[39m","time":"2017-03-22T21:09:18.347Z","v":0}
{"name":"hexo","hostname":"rsldeMacBook-Pro.local","pid":12302,"level":20,"msg":"Processed: \u001b[35msource/lib/velocity/velocity.min.js\u001b[39m","time":"2017-03-22T21:09:18.347Z","v":0}
{"name":"hexo","hostname":"rsldeMacBook-Pro.local","pid":12302,"level":20,"msg":"Processed: \u001b[35msource/lib/velocity/velocity.ui.js\u001b[39m","time":"2017-03-22T21:09:18.348Z","v":0}
{"name":"hexo","hostname":"rsldeMacBook-Pro.local","pid":12302,"level":20,"msg":"Processed: \u001b[35msource/lib/velocity/velocity.ui.min.js\u001b[39m","time":"2017-03-22T21:09:18.348Z","v":0}
{"name":"hexo","hostname":"rsldeMacBook-Pro.local","pid":12302,"level":20,"msg":"Processed: \u001b[35mlayout/_custom/header.swig\u001b[39m","time":"2017-03-22T21:09:18.398Z","v":0}
{"name":"hexo","hostname":"rsldeMacBook-Pro.local","pid":12302,"level":20,"msg":"Processed: \u001b[35mlayout/_custom/sidebar.swig\u001b[39m","time":"2017-03-22T21:09:18.398Z","v":0}
{"name":"hexo","hostname":"rsldeMacBook-Pro.local","pid":12302,"level":20,"msg":"Processed: \u001b[35mlayout/_macro/post-copyright.swig\u001b[39m","time":"2017-03-22T21:09:18.399Z","v":0}
{"name":"hexo","hostname":"rsldeMacBook-Pro.local","pid":12302,"level":20,"msg":"Processed: \u001b[35mlayout/_macro/post-collapse.swig\u001b[39m","time":"2017-03-22T21:09:18.399Z","v":0}
{"name":"hexo","hostname":"rsldeMacBook-Pro.local","pid":12302,"level":20,"msg":"Processed: \u001b[35mlayout/_macro/reward.swig\u001b[39m","time":"2017-03-22T21:09:18.399Z","v":0}
{"name":"hexo","hostname":"rsldeMacBook-Pro.local","pid":12302,"level":20,"msg":"Processed: \u001b[35mlayout/_macro/post.swig\u001b[39m","time":"2017-03-22T21:09:18.399Z","v":0}
{"name":"hexo","hostname":"rsldeMacBook-Pro.local","pid":12302,"level":20,"msg":"Processed: \u001b[35mlayout/_macro/sidebar.swig\u001b[39m","time":"2017-03-22T21:09:18.399Z","v":0}
{"name":"hexo","hostname":"rsldeMacBook-Pro.local","pid":12302,"level":20,"msg":"Processed: \u001b[35mlayout/_macro/wechat-subscriber.swig\u001b[39m","time":"2017-03-22T21:09:18.399Z","v":0}
{"name":"hexo","hostname":"rsldeMacBook-Pro.local","pid":12302,"level":20,"msg":"Processed: \u001b[35mlayout/_partials/head.swig\u001b[39m","time":"2017-03-22T21:09:18.399Z","v":0}
{"name":"hexo","hostname":"rsldeMacBook-Pro.local","pid":12302,"level":20,"msg":"Processed: \u001b[35mlayout/_partials/comments.swig\u001b[39m","time":"2017-03-22T21:09:18.399Z","v":0}
{"name":"hexo","hostname":"rsldeMacBook-Pro.local","pid":12302,"level":20,"msg":"Processed: \u001b[35mlayout/_partials/footer.swig\u001b[39m","time":"2017-03-22T21:09:18.399Z","v":0}
{"name":"hexo","hostname":"rsldeMacBook-Pro.local","pid":12302,"level":20,"msg":"Processed: \u001b[35mlayout/_partials/header.swig\u001b[39m","time":"2017-03-22T21:09:18.399Z","v":0}
{"name":"hexo","hostname":"rsldeMacBook-Pro.local","pid":12302,"level":20,"msg":"Processed: \u001b[35mlayout/_partials/page-header.swig\u001b[39m","time":"2017-03-22T21:09:18.399Z","v":0}
{"name":"hexo","hostname":"rsldeMacBook-Pro.local","pid":12302,"level":20,"msg":"Processed: \u001b[35mlayout/_partials/pagination.swig\u001b[39m","time":"2017-03-22T21:09:18.399Z","v":0}
{"name":"hexo","hostname":"rsldeMacBook-Pro.local","pid":12302,"level":20,"msg":"Processed: \u001b[35mlayout/_partials/search.swig\u001b[39m","time":"2017-03-22T21:09:18.399Z","v":0}
{"name":"hexo","hostname":"rsldeMacBook-Pro.local","pid":12302,"level":20,"msg":"Processed: \u001b[35mlayout/_scripts/boostrap.swig\u001b[39m","time":"2017-03-22T21:09:18.400Z","v":0}
{"name":"hexo","hostname":"rsldeMacBook-Pro.local","pid":12302,"level":20,"msg":"Processed: \u001b[35mlayout/_scripts/commons.swig\u001b[39m","time":"2017-03-22T21:09:18.400Z","v":0}
{"name":"hexo","hostname":"rsldeMacBook-Pro.local","pid":12302,"level":20,"msg":"Processed: \u001b[35mlayout/_scripts/vendors.swig\u001b[39m","time":"2017-03-22T21:09:18.400Z","v":0}
{"name":"hexo","hostname":"rsldeMacBook-Pro.local","pid":12302,"level":20,"msg":"Processed: \u001b[35mlayout/_third-party/duoshuo-hot-articles.swig\u001b[39m","time":"2017-03-22T21:09:18.400Z","v":0}
{"name":"hexo","hostname":"rsldeMacBook-Pro.local","pid":12302,"level":20,"msg":"Processed: \u001b[35mlayout/_third-party/exturl.swig\u001b[39m","time":"2017-03-22T21:09:18.400Z","v":0}
{"name":"hexo","hostname":"rsldeMacBook-Pro.local","pid":12302,"level":20,"msg":"Processed: \u001b[35mlayout/_third-party/mathjax.swig\u001b[39m","time":"2017-03-22T21:09:18.400Z","v":0}
{"name":"hexo","hostname":"rsldeMacBook-Pro.local","pid":12302,"level":20,"msg":"Processed: \u001b[35mlayout/_third-party/schedule.swig\u001b[39m","time":"2017-03-22T21:09:18.400Z","v":0}
{"name":"hexo","hostname":"rsldeMacBook-Pro.local","pid":12302,"level":20,"msg":"Processed: \u001b[35msource/lib/jquery/index.js\u001b[39m","time":"2017-03-22T21:09:18.401Z","v":0}
{"name":"hexo","hostname":"rsldeMacBook-Pro.local","pid":12302,"level":20,"msg":"Processed: \u001b[35msource/js/src/schemes/pisces.js\u001b[39m","time":"2017-03-22T21:09:18.408Z","v":0}
{"name":"hexo","hostname":"rsldeMacBook-Pro.local","pid":12302,"level":20,"msg":"Processed: \u001b[35msource/lib/fastclick/lib/fastclick.min.js\u001b[39m","time":"2017-03-22T21:09:18.408Z","v":0}
{"name":"hexo","hostname":"rsldeMacBook-Pro.local","pid":12302,"level":20,"msg":"Processed: \u001b[35msource/lib/fastclick/lib/fastclick.js\u001b[39m","time":"2017-03-22T21:09:18.409Z","v":0}
{"name":"hexo","hostname":"rsldeMacBook-Pro.local","pid":12302,"level":20,"msg":"Processed: \u001b[35msource/lib/fancybox/source/blank.gif\u001b[39m","time":"2017-03-22T21:09:18.409Z","v":0}
{"name":"hexo","hostname":"rsldeMacBook-Pro.local","pid":12302,"level":20,"msg":"Processed: \u001b[35msource/lib/fancybox/source/fancybox_loading.gif\u001b[39m","time":"2017-03-22T21:09:18.409Z","v":0}
{"name":"hexo","hostname":"rsldeMacBook-Pro.local","pid":12302,"level":20,"msg":"Processed: \u001b[35msource/lib/fancybox/source/fancybox_overlay.png\u001b[39m","time":"2017-03-22T21:09:18.410Z","v":0}
{"name":"hexo","hostname":"rsldeMacBook-Pro.local","pid":12302,"level":20,"msg":"Processed: \u001b[35msource/lib/fancybox/source/fancybox_sprite.png\u001b[39m","time":"2017-03-22T21:09:18.410Z","v":0}
{"name":"hexo","hostname":"rsldeMacBook-Pro.local","pid":12302,"level":20,"msg":"Processed: \u001b[35msource/lib/fancybox/source/fancybox_loading@2x.gif\u001b[39m","time":"2017-03-22T21:09:18.411Z","v":0}
{"name":"hexo","hostname":"rsldeMacBook-Pro.local","pid":12302,"level":20,"msg":"Processed: \u001b[35msource/lib/fancybox/source/fancybox_sprite@2x.png\u001b[39m","time":"2017-03-22T21:09:18.411Z","v":0}
{"name":"hexo","hostname":"rsldeMacBook-Pro.local","pid":12302,"level":20,"msg":"Processed: \u001b[35msource/lib/fancybox/source/jquery.fancybox.css\u001b[39m","time":"2017-03-22T21:09:18.411Z","v":0}
{"name":"hexo","hostname":"rsldeMacBook-Pro.local","pid":12302,"level":20,"msg":"Processed: \u001b[35msource/lib/font-awesome/css/font-awesome.css.map\u001b[39m","time":"2017-03-22T21:09:18.411Z","v":0}
{"name":"hexo","hostname":"rsldeMacBook-Pro.local","pid":12302,"level":20,"msg":"Processed: \u001b[35msource/lib/font-awesome/css/font-awesome.css\u001b[39m","time":"2017-03-22T21:09:18.411Z","v":0}
{"name":"hexo","hostname":"rsldeMacBook-Pro.local","pid":12302,"level":20,"msg":"Processed: \u001b[35msource/lib/fancybox/source/jquery.fancybox.pack.js\u001b[39m","time":"2017-03-22T21:09:18.412Z","v":0}
{"name":"hexo","hostname":"rsldeMacBook-Pro.local","pid":12302,"level":20,"msg":"Processed: \u001b[35msource/lib/fancybox/source/jquery.fancybox.js\u001b[39m","time":"2017-03-22T21:09:18.412Z","v":0}
{"name":"hexo","hostname":"rsldeMacBook-Pro.local","pid":12302,"level":20,"msg":"Processed: \u001b[35msource/lib/font-awesome/css/font-awesome.min.css\u001b[39m","time":"2017-03-22T21:09:18.412Z","v":0}
{"name":"hexo","hostname":"rsldeMacBook-Pro.local","pid":12302,"level":20,"msg":"Processed: \u001b[35msource/lib/ua-parser-js/dist/ua-parser.min.js\u001b[39m","time":"2017-03-22T21:09:18.412Z","v":0}
{"name":"hexo","hostname":"rsldeMacBook-Pro.local","pid":12302,"level":20,"msg":"Processed: \u001b[35msource/lib/ua-parser-js/dist/ua-parser.pack.js\u001b[39m","time":"2017-03-22T21:09:18.412Z","v":0}
{"name":"hexo","hostname":"rsldeMacBook-Pro.local","pid":12302,"level":20,"msg":"Processed: \u001b[35mlayout/_scripts/schemes/mist.swig\u001b[39m","time":"2017-03-22T21:09:18.448Z","v":0}
{"name":"hexo","hostname":"rsldeMacBook-Pro.local","pid":12302,"level":20,"msg":"Processed: \u001b[35mlayout/_scripts/schemes/muse.swig\u001b[39m","time":"2017-03-22T21:09:18.449Z","v":0}
{"name":"hexo","hostname":"rsldeMacBook-Pro.local","pid":12302,"level":20,"msg":"Processed: \u001b[35mlayout/_partials/head/custom-head.swig\u001b[39m","time":"2017-03-22T21:09:18.449Z","v":0}
{"name":"hexo","hostname":"rsldeMacBook-Pro.local","pid":12302,"level":20,"msg":"Processed: \u001b[35mlayout/_partials/search/swiftype.swig\u001b[39m","time":"2017-03-22T21:09:18.449Z","v":0}
{"name":"hexo","hostname":"rsldeMacBook-Pro.local","pid":12302,"level":20,"msg":"Processed: \u001b[35mlayout/_partials/head/external-fonts.swig\u001b[39m","time":"2017-03-22T21:09:18.449Z","v":0}
{"name":"hexo","hostname":"rsldeMacBook-Pro.local","pid":12302,"level":20,"msg":"Processed: \u001b[35mlayout/_partials/search/tinysou.swig\u001b[39m","time":"2017-03-22T21:09:18.449Z","v":0}
{"name":"hexo","hostname":"rsldeMacBook-Pro.local","pid":12302,"level":20,"msg":"Processed: \u001b[35mlayout/_partials/search/localsearch.swig\u001b[39m","time":"2017-03-22T21:09:18.450Z","v":0}
{"name":"hexo","hostname":"rsldeMacBook-Pro.local","pid":12302,"level":20,"msg":"Processed: \u001b[35mlayout/_partials/share/add-this.swig\u001b[39m","time":"2017-03-22T21:09:18.450Z","v":0}
{"name":"hexo","hostname":"rsldeMacBook-Pro.local","pid":12302,"level":20,"msg":"Processed: \u001b[35mlayout/_partials/share/duoshuo_share.swig\u001b[39m","time":"2017-03-22T21:09:18.450Z","v":0}
{"name":"hexo","hostname":"rsldeMacBook-Pro.local","pid":12302,"level":20,"msg":"Processed: \u001b[35mlayout/_partials/share/baidushare.swig\u001b[39m","time":"2017-03-22T21:09:18.450Z","v":0}
{"name":"hexo","hostname":"rsldeMacBook-Pro.local","pid":12302,"level":20,"msg":"Processed: \u001b[35mlayout/_partials/share/jiathis.swig\u001b[39m","time":"2017-03-22T21:09:18.450Z","v":0}
{"name":"hexo","hostname":"rsldeMacBook-Pro.local","pid":12302,"level":20,"msg":"Processed: \u001b[35mlayout/_scripts/pages/post-details.swig\u001b[39m","time":"2017-03-22T21:09:18.450Z","v":0}
{"name":"hexo","hostname":"rsldeMacBook-Pro.local","pid":12302,"level":20,"msg":"Processed: \u001b[35mlayout/_scripts/schemes/pisces.swig\u001b[39m","time":"2017-03-22T21:09:18.450Z","v":0}
{"name":"hexo","hostname":"rsldeMacBook-Pro.local","pid":12302,"level":20,"msg":"Processed: \u001b[35mlayout/_third-party/analytics/baidu-analytics.swig\u001b[39m","time":"2017-03-22T21:09:18.450Z","v":0}
{"name":"hexo","hostname":"rsldeMacBook-Pro.local","pid":12302,"level":20,"msg":"Processed: \u001b[35mlayout/_third-party/analytics/application-insights.swig\u001b[39m","time":"2017-03-22T21:09:18.451Z","v":0}
{"name":"hexo","hostname":"rsldeMacBook-Pro.local","pid":12302,"level":20,"msg":"Processed: \u001b[35mlayout/_third-party/analytics/busuanzi-counter.swig\u001b[39m","time":"2017-03-22T21:09:18.451Z","v":0}
{"name":"hexo","hostname":"rsldeMacBook-Pro.local","pid":12302,"level":20,"msg":"Processed: \u001b[35mlayout/_third-party/analytics/google-analytics.swig\u001b[39m","time":"2017-03-22T21:09:18.451Z","v":0}
{"name":"hexo","hostname":"rsldeMacBook-Pro.local","pid":12302,"level":20,"msg":"Processed: \u001b[35mlayout/_third-party/analytics/cnzz-analytics.swig\u001b[39m","time":"2017-03-22T21:09:18.451Z","v":0}
{"name":"hexo","hostname":"rsldeMacBook-Pro.local","pid":12302,"level":20,"msg":"Processed: \u001b[35mlayout/_third-party/analytics/facebook-sdk.swig\u001b[39m","time":"2017-03-22T21:09:18.451Z","v":0}
{"name":"hexo","hostname":"rsldeMacBook-Pro.local","pid":12302,"level":20,"msg":"Processed: \u001b[35mlayout/_third-party/analytics/index.swig\u001b[39m","time":"2017-03-22T21:09:18.451Z","v":0}
{"name":"hexo","hostname":"rsldeMacBook-Pro.local","pid":12302,"level":20,"msg":"Processed: \u001b[35mlayout/_third-party/analytics/lean-analytics.swig\u001b[39m","time":"2017-03-22T21:09:18.451Z","v":0}
{"name":"hexo","hostname":"rsldeMacBook-Pro.local","pid":12302,"level":20,"msg":"Processed: \u001b[35mlayout/_third-party/analytics/tencent-analytics.swig\u001b[39m","time":"2017-03-22T21:09:18.451Z","v":0}
{"name":"hexo","hostname":"rsldeMacBook-Pro.local","pid":12302,"level":20,"msg":"Processed: \u001b[35mlayout/_third-party/analytics/tencent-mta.swig\u001b[39m","time":"2017-03-22T21:09:18.451Z","v":0}
{"name":"hexo","hostname":"rsldeMacBook-Pro.local","pid":12302,"level":20,"msg":"Processed: \u001b[35mlayout/_third-party/analytics/vkontakte-api.swig\u001b[39m","time":"2017-03-22T21:09:18.451Z","v":0}
{"name":"hexo","hostname":"rsldeMacBook-Pro.local","pid":12302,"level":20,"msg":"Processed: \u001b[35mlayout/_third-party/comments/disqus.swig\u001b[39m","time":"2017-03-22T21:09:18.451Z","v":0}
{"name":"hexo","hostname":"rsldeMacBook-Pro.local","pid":12302,"level":20,"msg":"Processed: \u001b[35mlayout/_third-party/comments/changyan.swig\u001b[39m","time":"2017-03-22T21:09:18.451Z","v":0}
{"name":"hexo","hostname":"rsldeMacBook-Pro.local","pid":12302,"level":20,"msg":"Processed: \u001b[35mlayout/_third-party/comments/duoshuo.swig\u001b[39m","time":"2017-03-22T21:09:18.452Z","v":0}
{"name":"hexo","hostname":"rsldeMacBook-Pro.local","pid":12302,"level":20,"msg":"Processed: \u001b[35mlayout/_third-party/comments/hypercomments.swig\u001b[39m","time":"2017-03-22T21:09:18.452Z","v":0}
{"name":"hexo","hostname":"rsldeMacBook-Pro.local","pid":12302,"level":20,"msg":"Processed: \u001b[35mlayout/_third-party/comments/gentie.swig\u001b[39m","time":"2017-03-22T21:09:18.452Z","v":0}
{"name":"hexo","hostname":"rsldeMacBook-Pro.local","pid":12302,"level":20,"msg":"Processed: \u001b[35mlayout/_third-party/comments/index.swig\u001b[39m","time":"2017-03-22T21:09:18.452Z","v":0}
{"name":"hexo","hostname":"rsldeMacBook-Pro.local","pid":12302,"level":20,"msg":"Processed: \u001b[35mlayout/_third-party/comments/livere.swig\u001b[39m","time":"2017-03-22T21:09:18.452Z","v":0}
{"name":"hexo","hostname":"rsldeMacBook-Pro.local","pid":12302,"level":20,"msg":"Processed: \u001b[35mlayout/_third-party/comments/youyan.swig\u001b[39m","time":"2017-03-22T21:09:18.452Z","v":0}
{"name":"hexo","hostname":"rsldeMacBook-Pro.local","pid":12302,"level":20,"msg":"Processed: \u001b[35mlayout/_third-party/seo/baidu-push.swig\u001b[39m","time":"2017-03-22T21:09:18.452Z","v":0}
{"name":"hexo","hostname":"rsldeMacBook-Pro.local","pid":12302,"level":20,"msg":"Processed: \u001b[35mlayout/_third-party/search/localsearch.swig\u001b[39m","time":"2017-03-22T21:09:18.452Z","v":0}
{"name":"hexo","hostname":"rsldeMacBook-Pro.local","pid":12302,"level":20,"msg":"Processed: \u001b[35mlayout/_third-party/search/index.swig\u001b[39m","time":"2017-03-22T21:09:18.452Z","v":0}
{"name":"hexo","hostname":"rsldeMacBook-Pro.local","pid":12302,"level":20,"msg":"Processed: \u001b[35mlayout/_third-party/search/tinysou.swig\u001b[39m","time":"2017-03-22T21:09:18.452Z","v":0}
{"name":"hexo","hostname":"rsldeMacBook-Pro.local","pid":12302,"level":20,"msg":"Processed: \u001b[35msource/lib/font-awesome/fonts/fontawesome-webfont.woff\u001b[39m","time":"2017-03-22T21:09:18.453Z","v":0}
{"name":"hexo","hostname":"rsldeMacBook-Pro.local","pid":12302,"level":20,"msg":"Processed: \u001b[35msource/lib/font-awesome/fonts/fontawesome-webfont.woff2\u001b[39m","time":"2017-03-22T21:09:18.454Z","v":0}
{"name":"hexo","hostname":"rsldeMacBook-Pro.local","pid":12302,"level":20,"msg":"Processed: \u001b[35msource/lib/velocity/velocity.js\u001b[39m","time":"2017-03-22T21:09:18.454Z","v":0}
{"name":"hexo","hostname":"rsldeMacBook-Pro.local","pid":12302,"level":20,"msg":"Processed: \u001b[35msource/lib/fancybox/source/helpers/fancybox_buttons.png\u001b[39m","time":"2017-03-22T21:09:18.461Z","v":0}
{"name":"hexo","hostname":"rsldeMacBook-Pro.local","pid":12302,"level":20,"msg":"Processed: \u001b[35msource/lib/fancybox/source/helpers/jquery.fancybox-buttons.css\u001b[39m","time":"2017-03-22T21:09:18.462Z","v":0}
{"name":"hexo","hostname":"rsldeMacBook-Pro.local","pid":12302,"level":20,"msg":"Processed: \u001b[35msource/lib/fancybox/source/helpers/jquery.fancybox-thumbs.css\u001b[39m","time":"2017-03-22T21:09:18.462Z","v":0}
{"name":"hexo","hostname":"rsldeMacBook-Pro.local","pid":12302,"level":20,"msg":"Processed: \u001b[35msource/lib/fancybox/source/helpers/jquery.fancybox-buttons.js\u001b[39m","time":"2017-03-22T21:09:18.463Z","v":0}
{"name":"hexo","hostname":"rsldeMacBook-Pro.local","pid":12302,"level":20,"msg":"Processed: \u001b[35msource/lib/font-awesome/fonts/FontAwesome.otf\u001b[39m","time":"2017-03-22T21:09:18.463Z","v":0}
{"name":"hexo","hostname":"rsldeMacBook-Pro.local","pid":12302,"level":20,"msg":"Processed: \u001b[35msource/lib/fancybox/source/helpers/jquery.fancybox-media.js\u001b[39m","time":"2017-03-22T21:09:18.464Z","v":0}
{"name":"hexo","hostname":"rsldeMacBook-Pro.local","pid":12302,"level":20,"msg":"Processed: \u001b[35msource/lib/font-awesome/fonts/fontawesome-webfont.eot\u001b[39m","time":"2017-03-22T21:09:18.464Z","v":0}
{"name":"hexo","hostname":"rsldeMacBook-Pro.local","pid":12302,"level":20,"msg":"Processed: \u001b[35msource/lib/fancybox/source/helpers/jquery.fancybox-thumbs.js\u001b[39m","time":"2017-03-22T21:09:18.464Z","v":0}
{"name":"hexo","hostname":"rsldeMacBook-Pro.local","pid":12302,"level":20,"msg":"Processed: \u001b[35msource/lib/font-awesome/fonts/fontawesome-webfont.ttf\u001b[39m","time":"2017-03-22T21:09:18.464Z","v":0}
{"name":"hexo","hostname":"rsldeMacBook-Pro.local","pid":12302,"level":20,"msg":"Processed: \u001b[35mlayout/_third-party/search/algolia-search/assets.swig\u001b[39m","time":"2017-03-22T21:09:18.470Z","v":0}
{"name":"hexo","hostname":"rsldeMacBook-Pro.local","pid":12302,"level":20,"msg":"Processed: \u001b[35mlayout/_third-party/search/algolia-search/dom.swig\u001b[39m","time":"2017-03-22T21:09:18.470Z","v":0}
{"name":"hexo","hostname":"rsldeMacBook-Pro.local","pid":12302,"level":20,"msg":"Processed: \u001b[35msource/lib/algolia-instant-search/instantsearch.min.js\u001b[39m","time":"2017-03-22T21:09:18.471Z","v":0}
{"name":"hexo","hostname":"rsldeMacBook-Pro.local","pid":12302,"level":20,"msg":"Processed: \u001b[35msource/lib/font-awesome/fonts/fontawesome-webfont.svg\u001b[39m","time":"2017-03-22T21:09:18.472Z","v":0}
{"name":"hexo","hostname":"rsldeMacBook-Pro.local","pid":12302,"level":20,"msg":"Generator: \u001b[35mpage\u001b[39m","time":"2017-03-22T21:09:18.777Z","v":0}
{"name":"hexo","hostname":"rsldeMacBook-Pro.local","pid":12302,"level":20,"msg":"Generator: \u001b[35mpost\u001b[39m","time":"2017-03-22T21:09:18.777Z","v":0}
{"name":"hexo","hostname":"rsldeMacBook-Pro.local","pid":12302,"level":20,"msg":"Generator: \u001b[35marchive\u001b[39m","time":"2017-03-22T21:09:18.777Z","v":0}
{"name":"hexo","hostname":"rsldeMacBook-Pro.local","pid":12302,"level":20,"msg":"Generator: \u001b[35mcategory\u001b[39m","time":"2017-03-22T21:09:18.777Z","v":0}
{"name":"hexo","hostname":"rsldeMacBook-Pro.local","pid":12302,"level":20,"msg":"Generator: \u001b[35mindex\u001b[39m","time":"2017-03-22T21:09:18.778Z","v":0}
{"name":"hexo","hostname":"rsldeMacBook-Pro.local","pid":12302,"level":20,"msg":"Generator: \u001b[35mtag\u001b[39m","time":"2017-03-22T21:09:18.778Z","v":0}
{"name":"hexo","hostname":"rsldeMacBook-Pro.local","pid":12302,"level":20,"msg":"Generator: \u001b[35masset\u001b[39m","time":"2017-03-22T21:09:18.779Z","v":0}
{"name":"hexo","hostname":"rsldeMacBook-Pro.local","pid":12302,"level":30,"msg":"Hexo is running at \u001b[4mhttp://localhost:8080/blog/\u001b[24m. Press Ctrl+C to stop.","time":"2017-03-22T21:09:18.785Z","v":0}
{"name":"hexo","hostname":"rsldeMacBook-Pro.local","pid":12302,"level":20,"msg":"Database saved","time":"2017-03-22T21:09:18.800Z","v":0}
{"name":"hexo","hostname":"rsldeMacBook-Pro.local","pid":12302,"level":30,"msg":"See you again","time":"2017-03-22T21:09:59.591Z","v":0}
{"name":"hexo","hostname":"rsldeMacBook-Pro.local","pid":12302,"level":20,"msg":"Database saved","time":"2017-03-22T21:09:59.613Z","v":0}
{"name":"hexo","hostname":"rsldeMacBook-Pro.local","pid":12309,"level":20,"msg":"Hexo version: \u001b[35m3.2.2\u001b[39m","time":"2017-03-22T21:10:23.031Z","v":0}
{"name":"hexo","hostname":"rsldeMacBook-Pro.local","pid":12309,"level":20,"msg":"Working directory: \u001b[35m~/Desktop/github/Blog/\u001b[39m","time":"2017-03-22T21:10:23.034Z","v":0}
{"name":"hexo","hostname":"rsldeMacBook-Pro.local","pid":12309,"level":20,"msg":"Config loaded: \u001b[35m~/Desktop/github/Blog/_config.yml\u001b[39m","time":"2017-03-22T21:10:23.180Z","v":0}
{"name":"hexo","hostname":"rsldeMacBook-Pro.local","pid":12309,"level":20,"msg":"Plugin loaded: \u001b[35mhexo-generator-archive\u001b[39m","time":"2017-03-22T21:10:23.205Z","v":0}
{"name":"hexo","hostname":"rsldeMacBook-Pro.local","pid":12309,"level":20,"msg":"Plugin loaded: \u001b[35mhexo-deployer-git\u001b[39m","time":"2017-03-22T21:10:23.576Z","v":0}
{"name":"hexo","hostname":"rsldeMacBook-Pro.local","pid":12309,"level":20,"msg":"Plugin loaded: \u001b[35mhexo-generator-category\u001b[39m","time":"2017-03-22T21:10:23.582Z","v":0}
{"name":"hexo","hostname":"rsldeMacBook-Pro.local","pid":12309,"level":20,"msg":"Plugin loaded: \u001b[35mhexo-generator-index\u001b[39m","time":"2017-03-22T21:10:23.589Z","v":0}
{"name":"hexo","hostname":"rsldeMacBook-Pro.local","pid":12309,"level":20,"msg":"Plugin loaded: \u001b[35mhexo-generator-tag\u001b[39m","time":"2017-03-22T21:10:23.595Z","v":0}
{"name":"hexo","hostname":"rsldeMacBook-Pro.local","pid":12309,"level":20,"msg":"Plugin loaded: \u001b[35mhexo-renderer-ejs\u001b[39m","time":"2017-03-22T21:10:23.602Z","v":0}
{"name":"hexo","hostname":"rsldeMacBook-Pro.local","pid":12309,"level":20,"msg":"Plugin loaded: \u001b[35mhexo-renderer-marked\u001b[39m","time":"2017-03-22T21:10:23.728Z","v":0}
{"name":"hexo","hostname":"rsldeMacBook-Pro.local","pid":12309,"level":20,"msg":"Plugin loaded: \u001b[35mhexo-server\u001b[39m","time":"2017-03-22T21:10:23.949Z","v":0}
{"name":"hexo","hostname":"rsldeMacBook-Pro.local","pid":12309,"level":20,"msg":"Plugin loaded: \u001b[35mhexo-renderer-stylus\u001b[39m","time":"2017-03-22T21:10:23.950Z","v":0}
{"name":"hexo","hostname":"rsldeMacBook-Pro.local","pid":12309,"level":20,"msg":"Script loaded: \u001b[35mthemes/next/scripts/merge-configs.js\u001b[39m","time":"2017-03-22T21:10:23.953Z","v":0}
{"name":"hexo","hostname":"rsldeMacBook-Pro.local","pid":12309,"level":20,"msg":"Script loaded: \u001b[35mthemes/next/scripts/merge.js\u001b[39m","time":"2017-03-22T21:10:23.956Z","v":0}
{"name":"hexo","hostname":"rsldeMacBook-Pro.local","pid":12309,"level":20,"msg":"Script loaded: \u001b[35mthemes/next/scripts/tags/full-image.js\u001b[39m","time":"2017-03-22T21:10:23.956Z","v":0}
{"name":"hexo","hostname":"rsldeMacBook-Pro.local","pid":12309,"level":20,"msg":"Script loaded: \u001b[35mthemes/next/scripts/tags/center-quote.js\u001b[39m","time":"2017-03-22T21:10:23.956Z","v":0}
{"name":"hexo","hostname":"rsldeMacBook-Pro.local","pid":12309,"level":50,"err":{"message":"Cannot find module 'hexo-util'","name":"Error","stack":"Error: Cannot find module 'hexo-util'\n    at Function.Module._resolveFilename (module.js:325:15)\n    at Function.Module._load (module.js:276:25)\n    at Module.require (module.js:353:17)\n    at require (/Users/rsl/Desktop/github/Blog/node_modules/hexo/lib/hexo/index.js:213:21)\n    at /Users/rsl/Desktop/github/Blog/themes/next/scripts/tags/exturl.js:8:12\n    at /Users/rsl/Desktop/github/Blog/node_modules/hexo/lib/hexo/index.js:229:12\n    at tryCatcher (/Users/rsl/Desktop/github/Blog/node_modules/hexo/node_modules/bluebird/js/release/util.js:16:23)\n    at Promise._settlePromiseFromHandler (/Users/rsl/Desktop/github/Blog/node_modules/hexo/node_modules/bluebird/js/release/promise.js:512:31)\n    at Promise._settlePromise (/Users/rsl/Desktop/github/Blog/node_modules/hexo/node_modules/bluebird/js/release/promise.js:569:18)\n    at Promise._settlePromise0 (/Users/rsl/Desktop/github/Blog/node_modules/hexo/node_modules/bluebird/js/release/promise.js:614:10)\n    at Promise._settlePromises (/Users/rsl/Desktop/github/Blog/node_modules/hexo/node_modules/bluebird/js/release/promise.js:693:18)\n    at Promise._fulfill (/Users/rsl/Desktop/github/Blog/node_modules/hexo/node_modules/bluebird/js/release/promise.js:638:18)\n    at Promise._resolveCallback (/Users/rsl/Desktop/github/Blog/node_modules/hexo/node_modules/bluebird/js/release/promise.js:432:57)\n    at Promise._settlePromiseFromHandler (/Users/rsl/Desktop/github/Blog/node_modules/hexo/node_modules/bluebird/js/release/promise.js:524:17)\n    at Promise._settlePromise (/Users/rsl/Desktop/github/Blog/node_modules/hexo/node_modules/bluebird/js/release/promise.js:569:18)\n    at Promise._settlePromise0 (/Users/rsl/Desktop/github/Blog/node_modules/hexo/node_modules/bluebird/js/release/promise.js:614:10)\n    at Promise._settlePromises (/Users/rsl/Desktop/github/Blog/node_modules/hexo/node_modules/bluebird/js/release/promise.js:693:18)\n    at Promise._fulfill (/Users/rsl/Desktop/github/Blog/node_modules/hexo/node_modules/bluebird/js/release/promise.js:638:18)\n    at /Users/rsl/Desktop/github/Blog/node_modules/hexo/node_modules/bluebird/js/release/nodeback.js:42:21\n    at /Users/rsl/Desktop/github/Blog/node_modules/hexo/node_modules/hexo-fs/node_modules/graceful-fs/graceful-fs.js:78:16\n    at FSReqWrap.readFileAfterClose [as oncomplete] (fs.js:380:3)","code":"MODULE_NOT_FOUND"},"msg":"Script load failed: \u001b[35mthemes/next/scripts/tags/exturl.js\u001b[39m","time":"2017-03-22T21:10:23.958Z","v":0}
{"name":"hexo","hostname":"rsldeMacBook-Pro.local","pid":12309,"level":20,"msg":"Script loaded: \u001b[35mthemes/next/scripts/tags/button.js\u001b[39m","time":"2017-03-22T21:10:23.958Z","v":0}
{"name":"hexo","hostname":"rsldeMacBook-Pro.local","pid":12309,"level":20,"msg":"Script loaded: \u001b[35mthemes/next/scripts/tags/note.js\u001b[39m","time":"2017-03-22T21:10:23.959Z","v":0}
{"name":"hexo","hostname":"rsldeMacBook-Pro.local","pid":12309,"level":20,"msg":"Script loaded: \u001b[35mthemes/next/scripts/tags/group-pictures.js\u001b[39m","time":"2017-03-22T21:10:23.960Z","v":0}
{"name":"hexo","hostname":"rsldeMacBook-Pro.local","pid":12309,"level":20,"msg":"Loading database.","time":"2017-03-22T21:10:23.968Z","v":0}
{"name":"hexo","hostname":"rsldeMacBook-Pro.local","pid":12309,"level":30,"msg":"Start processing","time":"2017-03-22T21:10:24.006Z","v":0}
{"name":"hexo","hostname":"rsldeMacBook-Pro.local","pid":12309,"level":20,"msg":"Processed: \u001b[35m_posts/hello-world.md\u001b[39m","time":"2017-03-22T21:10:24.101Z","v":0}
{"name":"hexo","hostname":"rsldeMacBook-Pro.local","pid":12309,"level":20,"msg":"Theme config loaded.","time":"2017-03-22T21:10:24.165Z","v":0}
{"name":"hexo","hostname":"rsldeMacBook-Pro.local","pid":12309,"level":20,"msg":"Processed: \u001b[35m_config.yml\u001b[39m","time":"2017-03-22T21:10:24.170Z","v":0}
{"name":"hexo","hostname":"rsldeMacBook-Pro.local","pid":12309,"level":20,"msg":"Processed: \u001b[35msource/css/main.styl\u001b[39m","time":"2017-03-22T21:10:24.171Z","v":0}
{"name":"hexo","hostname":"rsldeMacBook-Pro.local","pid":12309,"level":20,"msg":"Processed: \u001b[35msource/images/avatar.gif\u001b[39m","time":"2017-03-22T21:10:24.171Z","v":0}
{"name":"hexo","hostname":"rsldeMacBook-Pro.local","pid":12309,"level":20,"msg":"Processed: \u001b[35msource/images/algolia_logo.svg\u001b[39m","time":"2017-03-22T21:10:24.172Z","v":0}
{"name":"hexo","hostname":"rsldeMacBook-Pro.local","pid":12309,"level":20,"msg":"Processed: \u001b[35msource/images/cc-by-nc-nd.svg\u001b[39m","time":"2017-03-22T21:10:24.172Z","v":0}
{"name":"hexo","hostname":"rsldeMacBook-Pro.local","pid":12309,"level":20,"msg":"Processed: \u001b[35msource/images/cc-by-nc-sa.svg\u001b[39m","time":"2017-03-22T21:10:24.172Z","v":0}
{"name":"hexo","hostname":"rsldeMacBook-Pro.local","pid":12309,"level":20,"msg":"Processed: \u001b[35msource/images/cc-by-sa.svg\u001b[39m","time":"2017-03-22T21:10:24.173Z","v":0}
{"name":"hexo","hostname":"rsldeMacBook-Pro.local","pid":12309,"level":20,"msg":"Processed: \u001b[35msource/images/cc-by-nd.svg\u001b[39m","time":"2017-03-22T21:10:24.173Z","v":0}
{"name":"hexo","hostname":"rsldeMacBook-Pro.local","pid":12309,"level":20,"msg":"Processed: \u001b[35msource/images/cc-by-nc.svg\u001b[39m","time":"2017-03-22T21:10:24.173Z","v":0}
{"name":"hexo","hostname":"rsldeMacBook-Pro.local","pid":12309,"level":20,"msg":"Processed: \u001b[35msource/images/cc-by.svg\u001b[39m","time":"2017-03-22T21:10:24.174Z","v":0}
{"name":"hexo","hostname":"rsldeMacBook-Pro.local","pid":12309,"level":20,"msg":"Processed: \u001b[35msource/images/placeholder.gif\u001b[39m","time":"2017-03-22T21:10:24.175Z","v":0}
{"name":"hexo","hostname":"rsldeMacBook-Pro.local","pid":12309,"level":20,"msg":"Processed: \u001b[35msource/images/loading.gif\u001b[39m","time":"2017-03-22T21:10:24.176Z","v":0}
{"name":"hexo","hostname":"rsldeMacBook-Pro.local","pid":12309,"level":20,"msg":"Processed: \u001b[35msource/images/cc-zero.svg\u001b[39m","time":"2017-03-22T21:10:24.176Z","v":0}
{"name":"hexo","hostname":"rsldeMacBook-Pro.local","pid":12309,"level":20,"msg":"Processed: \u001b[35msource/images/quote-l.svg\u001b[39m","time":"2017-03-22T21:10:24.176Z","v":0}
{"name":"hexo","hostname":"rsldeMacBook-Pro.local","pid":12309,"level":20,"msg":"Processed: \u001b[35msource/images/quote-r.svg\u001b[39m","time":"2017-03-22T21:10:24.177Z","v":0}
{"name":"hexo","hostname":"rsldeMacBook-Pro.local","pid":12309,"level":20,"msg":"Processed: \u001b[35msource/images/searchicon.png\u001b[39m","time":"2017-03-22T21:10:24.178Z","v":0}
{"name":"hexo","hostname":"rsldeMacBook-Pro.local","pid":12309,"level":20,"msg":"Processed: \u001b[35mlayout/_layout.swig\u001b[39m","time":"2017-03-22T21:10:24.340Z","v":0}
{"name":"hexo","hostname":"rsldeMacBook-Pro.local","pid":12309,"level":20,"msg":"Processed: \u001b[35mlayout/category.swig\u001b[39m","time":"2017-03-22T21:10:24.340Z","v":0}
{"name":"hexo","hostname":"rsldeMacBook-Pro.local","pid":12309,"level":20,"msg":"Processed: \u001b[35mlayout/archive.swig\u001b[39m","time":"2017-03-22T21:10:24.341Z","v":0}
{"name":"hexo","hostname":"rsldeMacBook-Pro.local","pid":12309,"level":20,"msg":"Processed: \u001b[35mlayout/post.swig\u001b[39m","time":"2017-03-22T21:10:24.341Z","v":0}
{"name":"hexo","hostname":"rsldeMacBook-Pro.local","pid":12309,"level":20,"msg":"Processed: \u001b[35mlayout/index.swig\u001b[39m","time":"2017-03-22T21:10:24.341Z","v":0}
{"name":"hexo","hostname":"rsldeMacBook-Pro.local","pid":12309,"level":20,"msg":"Processed: \u001b[35mlayout/schedule.swig\u001b[39m","time":"2017-03-22T21:10:24.341Z","v":0}
{"name":"hexo","hostname":"rsldeMacBook-Pro.local","pid":12309,"level":20,"msg":"Processed: \u001b[35mlayout/page.swig\u001b[39m","time":"2017-03-22T21:10:24.341Z","v":0}
{"name":"hexo","hostname":"rsldeMacBook-Pro.local","pid":12309,"level":20,"msg":"Processed: \u001b[35mlayout/tag.swig\u001b[39m","time":"2017-03-22T21:10:24.341Z","v":0}
{"name":"hexo","hostname":"rsldeMacBook-Pro.local","pid":12309,"level":20,"msg":"Processed: \u001b[35mlanguages/fr-FR.yml\u001b[39m","time":"2017-03-22T21:10:24.349Z","v":0}
{"name":"hexo","hostname":"rsldeMacBook-Pro.local","pid":12309,"level":20,"msg":"Processed: \u001b[35mlanguages/de.yml\u001b[39m","time":"2017-03-22T21:10:24.349Z","v":0}
{"name":"hexo","hostname":"rsldeMacBook-Pro.local","pid":12309,"level":20,"msg":"Processed: \u001b[35mlanguages/en.yml\u001b[39m","time":"2017-03-22T21:10:24.349Z","v":0}
{"name":"hexo","hostname":"rsldeMacBook-Pro.local","pid":12309,"level":20,"msg":"Processed: \u001b[35mlanguages/default.yml\u001b[39m","time":"2017-03-22T21:10:24.349Z","v":0}
{"name":"hexo","hostname":"rsldeMacBook-Pro.local","pid":12309,"level":20,"msg":"Processed: \u001b[35mlanguages/id.yml\u001b[39m","time":"2017-03-22T21:10:24.349Z","v":0}
{"name":"hexo","hostname":"rsldeMacBook-Pro.local","pid":12309,"level":20,"msg":"Processed: \u001b[35mlanguages/pt.yml\u001b[39m","time":"2017-03-22T21:10:24.349Z","v":0}
{"name":"hexo","hostname":"rsldeMacBook-Pro.local","pid":12309,"level":20,"msg":"Processed: \u001b[35mlanguages/ja.yml\u001b[39m","time":"2017-03-22T21:10:24.350Z","v":0}
{"name":"hexo","hostname":"rsldeMacBook-Pro.local","pid":12309,"level":20,"msg":"Processed: \u001b[35mlanguages/ko.yml\u001b[39m","time":"2017-03-22T21:10:24.350Z","v":0}
{"name":"hexo","hostname":"rsldeMacBook-Pro.local","pid":12309,"level":20,"msg":"Processed: \u001b[35mlanguages/ru.yml\u001b[39m","time":"2017-03-22T21:10:24.350Z","v":0}
{"name":"hexo","hostname":"rsldeMacBook-Pro.local","pid":12309,"level":20,"msg":"Processed: \u001b[35mlanguages/zh-Hans.yml\u001b[39m","time":"2017-03-22T21:10:24.350Z","v":0}
{"name":"hexo","hostname":"rsldeMacBook-Pro.local","pid":12309,"level":20,"msg":"Processed: \u001b[35mlanguages/pt-BR.yml\u001b[39m","time":"2017-03-22T21:10:24.350Z","v":0}
{"name":"hexo","hostname":"rsldeMacBook-Pro.local","pid":12309,"level":20,"msg":"Processed: \u001b[35mlanguages/zh-tw.yml\u001b[39m","time":"2017-03-22T21:10:24.350Z","v":0}
{"name":"hexo","hostname":"rsldeMacBook-Pro.local","pid":12309,"level":20,"msg":"Processed: \u001b[35mlanguages/zh-hk.yml\u001b[39m","time":"2017-03-22T21:10:24.350Z","v":0}
{"name":"hexo","hostname":"rsldeMacBook-Pro.local","pid":12309,"level":20,"msg":"Processed: \u001b[35msource/js/src/bootstrap.js\u001b[39m","time":"2017-03-22T21:10:24.350Z","v":0}
{"name":"hexo","hostname":"rsldeMacBook-Pro.local","pid":12309,"level":20,"msg":"Processed: \u001b[35msource/js/src/exturl.js\u001b[39m","time":"2017-03-22T21:10:24.351Z","v":0}
{"name":"hexo","hostname":"rsldeMacBook-Pro.local","pid":12309,"level":20,"msg":"Processed: \u001b[35msource/js/src/algolia-search.js\u001b[39m","time":"2017-03-22T21:10:24.351Z","v":0}
{"name":"hexo","hostname":"rsldeMacBook-Pro.local","pid":12309,"level":20,"msg":"Processed: \u001b[35msource/js/src/affix.js\u001b[39m","time":"2017-03-22T21:10:24.351Z","v":0}
{"name":"hexo","hostname":"rsldeMacBook-Pro.local","pid":12309,"level":20,"msg":"Processed: \u001b[35msource/js/src/motion.js\u001b[39m","time":"2017-03-22T21:10:24.351Z","v":0}
{"name":"hexo","hostname":"rsldeMacBook-Pro.local","pid":12309,"level":20,"msg":"Processed: \u001b[35msource/js/src/hook-duoshuo.js\u001b[39m","time":"2017-03-22T21:10:24.352Z","v":0}
{"name":"hexo","hostname":"rsldeMacBook-Pro.local","pid":12309,"level":20,"msg":"Processed: \u001b[35msource/js/src/post-details.js\u001b[39m","time":"2017-03-22T21:10:24.352Z","v":0}
{"name":"hexo","hostname":"rsldeMacBook-Pro.local","pid":12309,"level":20,"msg":"Processed: \u001b[35msource/js/src/scrollspy.js\u001b[39m","time":"2017-03-22T21:10:24.353Z","v":0}
{"name":"hexo","hostname":"rsldeMacBook-Pro.local","pid":12309,"level":20,"msg":"Processed: \u001b[35msource/js/src/utils.js\u001b[39m","time":"2017-03-22T21:10:24.353Z","v":0}
{"name":"hexo","hostname":"rsldeMacBook-Pro.local","pid":12309,"level":20,"msg":"Processed: \u001b[35msource/lib/algolia-instant-search/instantsearch.min.css\u001b[39m","time":"2017-03-22T21:10:24.353Z","v":0}
{"name":"hexo","hostname":"rsldeMacBook-Pro.local","pid":12309,"level":20,"msg":"Processed: \u001b[35msource/lib/canvas-nest/canvas-nest.min.js\u001b[39m","time":"2017-03-22T21:10:24.354Z","v":0}
{"name":"hexo","hostname":"rsldeMacBook-Pro.local","pid":12309,"level":20,"msg":"Processed: \u001b[35msource/lib/fastclick/LICENSE\u001b[39m","time":"2017-03-22T21:10:24.355Z","v":0}
{"name":"hexo","hostname":"rsldeMacBook-Pro.local","pid":12309,"level":20,"msg":"Processed: \u001b[35msource/lib/fastclick/bower.json\u001b[39m","time":"2017-03-22T21:10:24.355Z","v":0}
{"name":"hexo","hostname":"rsldeMacBook-Pro.local","pid":12309,"level":20,"msg":"Processed: \u001b[35msource/lib/font-awesome/HELP-US-OUT.txt\u001b[39m","time":"2017-03-22T21:10:24.355Z","v":0}
{"name":"hexo","hostname":"rsldeMacBook-Pro.local","pid":12309,"level":20,"msg":"Processed: \u001b[35msource/lib/fastclick/README.md\u001b[39m","time":"2017-03-22T21:10:24.355Z","v":0}
{"name":"hexo","hostname":"rsldeMacBook-Pro.local","pid":12309,"level":20,"msg":"Processed: \u001b[35msource/lib/font-awesome/bower.json\u001b[39m","time":"2017-03-22T21:10:24.356Z","v":0}
{"name":"hexo","hostname":"rsldeMacBook-Pro.local","pid":12309,"level":20,"msg":"Processed: \u001b[35msource/lib/jquery_lazyload/CONTRIBUTING.md\u001b[39m","time":"2017-03-22T21:10:24.356Z","v":0}
{"name":"hexo","hostname":"rsldeMacBook-Pro.local","pid":12309,"level":20,"msg":"Processed: \u001b[35msource/lib/jquery_lazyload/README.md\u001b[39m","time":"2017-03-22T21:10:24.356Z","v":0}
{"name":"hexo","hostname":"rsldeMacBook-Pro.local","pid":12309,"level":20,"msg":"Processed: \u001b[35msource/lib/jquery_lazyload/bower.json\u001b[39m","time":"2017-03-22T21:10:24.356Z","v":0}
{"name":"hexo","hostname":"rsldeMacBook-Pro.local","pid":12309,"level":20,"msg":"Processed: \u001b[35msource/lib/jquery_lazyload/jquery.scrollstop.js\u001b[39m","time":"2017-03-22T21:10:24.357Z","v":0}
{"name":"hexo","hostname":"rsldeMacBook-Pro.local","pid":12309,"level":20,"msg":"Processed: \u001b[35msource/lib/jquery_lazyload/jquery.lazyload.js\u001b[39m","time":"2017-03-22T21:10:24.357Z","v":0}
{"name":"hexo","hostname":"rsldeMacBook-Pro.local","pid":12309,"level":20,"msg":"Processed: \u001b[35msource/lib/velocity/velocity.ui.min.js\u001b[39m","time":"2017-03-22T21:10:24.357Z","v":0}
{"name":"hexo","hostname":"rsldeMacBook-Pro.local","pid":12309,"level":20,"msg":"Processed: \u001b[35msource/lib/velocity/bower.json\u001b[39m","time":"2017-03-22T21:10:24.357Z","v":0}
{"name":"hexo","hostname":"rsldeMacBook-Pro.local","pid":12309,"level":20,"msg":"Processed: \u001b[35msource/lib/velocity/velocity.ui.js\u001b[39m","time":"2017-03-22T21:10:24.357Z","v":0}
{"name":"hexo","hostname":"rsldeMacBook-Pro.local","pid":12309,"level":20,"msg":"Processed: \u001b[35msource/lib/velocity/velocity.min.js\u001b[39m","time":"2017-03-22T21:10:24.357Z","v":0}
{"name":"hexo","hostname":"rsldeMacBook-Pro.local","pid":12309,"level":20,"msg":"Processed: \u001b[35msource/lib/jquery/index.js\u001b[39m","time":"2017-03-22T21:10:24.366Z","v":0}
{"name":"hexo","hostname":"rsldeMacBook-Pro.local","pid":12309,"level":20,"msg":"Processed: \u001b[35mlayout/_custom/header.swig\u001b[39m","time":"2017-03-22T21:10:24.409Z","v":0}
{"name":"hexo","hostname":"rsldeMacBook-Pro.local","pid":12309,"level":20,"msg":"Processed: \u001b[35mlayout/_custom/sidebar.swig\u001b[39m","time":"2017-03-22T21:10:24.409Z","v":0}
{"name":"hexo","hostname":"rsldeMacBook-Pro.local","pid":12309,"level":20,"msg":"Processed: \u001b[35mlayout/_macro/post-collapse.swig\u001b[39m","time":"2017-03-22T21:10:24.409Z","v":0}
{"name":"hexo","hostname":"rsldeMacBook-Pro.local","pid":12309,"level":20,"msg":"Processed: \u001b[35mlayout/_macro/post-copyright.swig\u001b[39m","time":"2017-03-22T21:10:24.409Z","v":0}
{"name":"hexo","hostname":"rsldeMacBook-Pro.local","pid":12309,"level":20,"msg":"Processed: \u001b[35mlayout/_macro/post.swig\u001b[39m","time":"2017-03-22T21:10:24.409Z","v":0}
{"name":"hexo","hostname":"rsldeMacBook-Pro.local","pid":12309,"level":20,"msg":"Processed: \u001b[35mlayout/_macro/reward.swig\u001b[39m","time":"2017-03-22T21:10:24.409Z","v":0}
{"name":"hexo","hostname":"rsldeMacBook-Pro.local","pid":12309,"level":20,"msg":"Processed: \u001b[35mlayout/_macro/sidebar.swig\u001b[39m","time":"2017-03-22T21:10:24.409Z","v":0}
{"name":"hexo","hostname":"rsldeMacBook-Pro.local","pid":12309,"level":20,"msg":"Processed: \u001b[35mlayout/_macro/wechat-subscriber.swig\u001b[39m","time":"2017-03-22T21:10:24.410Z","v":0}
{"name":"hexo","hostname":"rsldeMacBook-Pro.local","pid":12309,"level":20,"msg":"Processed: \u001b[35mlayout/_partials/footer.swig\u001b[39m","time":"2017-03-22T21:10:24.410Z","v":0}
{"name":"hexo","hostname":"rsldeMacBook-Pro.local","pid":12309,"level":20,"msg":"Processed: \u001b[35mlayout/_partials/head.swig\u001b[39m","time":"2017-03-22T21:10:24.410Z","v":0}
{"name":"hexo","hostname":"rsldeMacBook-Pro.local","pid":12309,"level":20,"msg":"Processed: \u001b[35mlayout/_partials/comments.swig\u001b[39m","time":"2017-03-22T21:10:24.410Z","v":0}
{"name":"hexo","hostname":"rsldeMacBook-Pro.local","pid":12309,"level":20,"msg":"Processed: \u001b[35mlayout/_partials/header.swig\u001b[39m","time":"2017-03-22T21:10:24.410Z","v":0}
{"name":"hexo","hostname":"rsldeMacBook-Pro.local","pid":12309,"level":20,"msg":"Processed: \u001b[35mlayout/_partials/page-header.swig\u001b[39m","time":"2017-03-22T21:10:24.410Z","v":0}
{"name":"hexo","hostname":"rsldeMacBook-Pro.local","pid":12309,"level":20,"msg":"Processed: \u001b[35mlayout/_partials/pagination.swig\u001b[39m","time":"2017-03-22T21:10:24.410Z","v":0}
{"name":"hexo","hostname":"rsldeMacBook-Pro.local","pid":12309,"level":20,"msg":"Processed: \u001b[35mlayout/_partials/search.swig\u001b[39m","time":"2017-03-22T21:10:24.410Z","v":0}
{"name":"hexo","hostname":"rsldeMacBook-Pro.local","pid":12309,"level":20,"msg":"Processed: \u001b[35mlayout/_scripts/boostrap.swig\u001b[39m","time":"2017-03-22T21:10:24.410Z","v":0}
{"name":"hexo","hostname":"rsldeMacBook-Pro.local","pid":12309,"level":20,"msg":"Processed: \u001b[35mlayout/_scripts/commons.swig\u001b[39m","time":"2017-03-22T21:10:24.410Z","v":0}
{"name":"hexo","hostname":"rsldeMacBook-Pro.local","pid":12309,"level":20,"msg":"Processed: \u001b[35mlayout/_scripts/vendors.swig\u001b[39m","time":"2017-03-22T21:10:24.410Z","v":0}
{"name":"hexo","hostname":"rsldeMacBook-Pro.local","pid":12309,"level":20,"msg":"Processed: \u001b[35mlayout/_third-party/duoshuo-hot-articles.swig\u001b[39m","time":"2017-03-22T21:10:24.410Z","v":0}
{"name":"hexo","hostname":"rsldeMacBook-Pro.local","pid":12309,"level":20,"msg":"Processed: \u001b[35mlayout/_third-party/exturl.swig\u001b[39m","time":"2017-03-22T21:10:24.410Z","v":0}
{"name":"hexo","hostname":"rsldeMacBook-Pro.local","pid":12309,"level":20,"msg":"Processed: \u001b[35mlayout/_third-party/mathjax.swig\u001b[39m","time":"2017-03-22T21:10:24.410Z","v":0}
{"name":"hexo","hostname":"rsldeMacBook-Pro.local","pid":12309,"level":20,"msg":"Processed: \u001b[35mlayout/_third-party/schedule.swig\u001b[39m","time":"2017-03-22T21:10:24.410Z","v":0}
{"name":"hexo","hostname":"rsldeMacBook-Pro.local","pid":12309,"level":20,"msg":"Processed: \u001b[35msource/js/src/schemes/pisces.js\u001b[39m","time":"2017-03-22T21:10:24.412Z","v":0}
{"name":"hexo","hostname":"rsldeMacBook-Pro.local","pid":12309,"level":20,"msg":"Processed: \u001b[35msource/lib/fancybox/source/blank.gif\u001b[39m","time":"2017-03-22T21:10:24.412Z","v":0}
{"name":"hexo","hostname":"rsldeMacBook-Pro.local","pid":12309,"level":20,"msg":"Processed: \u001b[35msource/lib/fancybox/source/fancybox_sprite.png\u001b[39m","time":"2017-03-22T21:10:24.413Z","v":0}
{"name":"hexo","hostname":"rsldeMacBook-Pro.local","pid":12309,"level":20,"msg":"Processed: \u001b[35msource/lib/fancybox/source/fancybox_overlay.png\u001b[39m","time":"2017-03-22T21:10:24.413Z","v":0}
{"name":"hexo","hostname":"rsldeMacBook-Pro.local","pid":12309,"level":20,"msg":"Processed: \u001b[35msource/lib/fancybox/source/fancybox_loading.gif\u001b[39m","time":"2017-03-22T21:10:24.413Z","v":0}
{"name":"hexo","hostname":"rsldeMacBook-Pro.local","pid":12309,"level":20,"msg":"Processed: \u001b[35msource/lib/fancybox/source/fancybox_loading@2x.gif\u001b[39m","time":"2017-03-22T21:10:24.413Z","v":0}
{"name":"hexo","hostname":"rsldeMacBook-Pro.local","pid":12309,"level":20,"msg":"Processed: \u001b[35msource/lib/fancybox/source/fancybox_sprite@2x.png\u001b[39m","time":"2017-03-22T21:10:24.413Z","v":0}
{"name":"hexo","hostname":"rsldeMacBook-Pro.local","pid":12309,"level":20,"msg":"Processed: \u001b[35msource/lib/fancybox/source/jquery.fancybox.css\u001b[39m","time":"2017-03-22T21:10:24.414Z","v":0}
{"name":"hexo","hostname":"rsldeMacBook-Pro.local","pid":12309,"level":20,"msg":"Processed: \u001b[35msource/lib/fastclick/lib/fastclick.js\u001b[39m","time":"2017-03-22T21:10:24.414Z","v":0}
{"name":"hexo","hostname":"rsldeMacBook-Pro.local","pid":12309,"level":20,"msg":"Processed: \u001b[35msource/lib/fancybox/source/jquery.fancybox.js\u001b[39m","time":"2017-03-22T21:10:24.414Z","v":0}
{"name":"hexo","hostname":"rsldeMacBook-Pro.local","pid":12309,"level":20,"msg":"Processed: \u001b[35msource/lib/fancybox/source/jquery.fancybox.pack.js\u001b[39m","time":"2017-03-22T21:10:24.414Z","v":0}
{"name":"hexo","hostname":"rsldeMacBook-Pro.local","pid":12309,"level":20,"msg":"Processed: \u001b[35msource/lib/fastclick/lib/fastclick.min.js\u001b[39m","time":"2017-03-22T21:10:24.414Z","v":0}
{"name":"hexo","hostname":"rsldeMacBook-Pro.local","pid":12309,"level":20,"msg":"Processed: \u001b[35msource/lib/font-awesome/css/font-awesome.min.css\u001b[39m","time":"2017-03-22T21:10:24.414Z","v":0}
{"name":"hexo","hostname":"rsldeMacBook-Pro.local","pid":12309,"level":20,"msg":"Processed: \u001b[35msource/lib/font-awesome/css/font-awesome.css\u001b[39m","time":"2017-03-22T21:10:24.414Z","v":0}
{"name":"hexo","hostname":"rsldeMacBook-Pro.local","pid":12309,"level":20,"msg":"Processed: \u001b[35msource/lib/font-awesome/css/font-awesome.css.map\u001b[39m","time":"2017-03-22T21:10:24.414Z","v":0}
{"name":"hexo","hostname":"rsldeMacBook-Pro.local","pid":12309,"level":20,"msg":"Processed: \u001b[35msource/lib/ua-parser-js/dist/ua-parser.pack.js\u001b[39m","time":"2017-03-22T21:10:24.415Z","v":0}
{"name":"hexo","hostname":"rsldeMacBook-Pro.local","pid":12309,"level":20,"msg":"Processed: \u001b[35msource/lib/ua-parser-js/dist/ua-parser.min.js\u001b[39m","time":"2017-03-22T21:10:24.415Z","v":0}
{"name":"hexo","hostname":"rsldeMacBook-Pro.local","pid":12309,"level":20,"msg":"Processed: \u001b[35mlayout/_scripts/schemes/mist.swig\u001b[39m","time":"2017-03-22T21:10:24.420Z","v":0}
{"name":"hexo","hostname":"rsldeMacBook-Pro.local","pid":12309,"level":20,"msg":"Processed: \u001b[35mlayout/_scripts/schemes/muse.swig\u001b[39m","time":"2017-03-22T21:10:24.420Z","v":0}
{"name":"hexo","hostname":"rsldeMacBook-Pro.local","pid":12309,"level":20,"msg":"Processed: \u001b[35msource/lib/font-awesome/fonts/fontawesome-webfont.woff\u001b[39m","time":"2017-03-22T21:10:24.421Z","v":0}
{"name":"hexo","hostname":"rsldeMacBook-Pro.local","pid":12309,"level":20,"msg":"Processed: \u001b[35msource/lib/font-awesome/fonts/fontawesome-webfont.woff2\u001b[39m","time":"2017-03-22T21:10:24.421Z","v":0}
{"name":"hexo","hostname":"rsldeMacBook-Pro.local","pid":12309,"level":20,"msg":"Processed: \u001b[35msource/lib/velocity/velocity.js\u001b[39m","time":"2017-03-22T21:10:24.421Z","v":0}
{"name":"hexo","hostname":"rsldeMacBook-Pro.local","pid":12309,"level":20,"msg":"Processed: \u001b[35mlayout/_partials/head/custom-head.swig\u001b[39m","time":"2017-03-22T21:10:24.449Z","v":0}
{"name":"hexo","hostname":"rsldeMacBook-Pro.local","pid":12309,"level":20,"msg":"Processed: \u001b[35mlayout/_partials/head/external-fonts.swig\u001b[39m","time":"2017-03-22T21:10:24.450Z","v":0}
{"name":"hexo","hostname":"rsldeMacBook-Pro.local","pid":12309,"level":20,"msg":"Processed: \u001b[35mlayout/_partials/search/localsearch.swig\u001b[39m","time":"2017-03-22T21:10:24.450Z","v":0}
{"name":"hexo","hostname":"rsldeMacBook-Pro.local","pid":12309,"level":20,"msg":"Processed: \u001b[35mlayout/_partials/share/add-this.swig\u001b[39m","time":"2017-03-22T21:10:24.450Z","v":0}
{"name":"hexo","hostname":"rsldeMacBook-Pro.local","pid":12309,"level":20,"msg":"Processed: \u001b[35mlayout/_partials/search/tinysou.swig\u001b[39m","time":"2017-03-22T21:10:24.450Z","v":0}
{"name":"hexo","hostname":"rsldeMacBook-Pro.local","pid":12309,"level":20,"msg":"Processed: \u001b[35mlayout/_partials/search/swiftype.swig\u001b[39m","time":"2017-03-22T21:10:24.450Z","v":0}
{"name":"hexo","hostname":"rsldeMacBook-Pro.local","pid":12309,"level":20,"msg":"Processed: \u001b[35mlayout/_partials/share/baidushare.swig\u001b[39m","time":"2017-03-22T21:10:24.450Z","v":0}
{"name":"hexo","hostname":"rsldeMacBook-Pro.local","pid":12309,"level":20,"msg":"Processed: \u001b[35mlayout/_partials/share/jiathis.swig\u001b[39m","time":"2017-03-22T21:10:24.450Z","v":0}
{"name":"hexo","hostname":"rsldeMacBook-Pro.local","pid":12309,"level":20,"msg":"Processed: \u001b[35mlayout/_partials/share/duoshuo_share.swig\u001b[39m","time":"2017-03-22T21:10:24.450Z","v":0}
{"name":"hexo","hostname":"rsldeMacBook-Pro.local","pid":12309,"level":20,"msg":"Processed: \u001b[35mlayout/_scripts/pages/post-details.swig\u001b[39m","time":"2017-03-22T21:10:24.450Z","v":0}
{"name":"hexo","hostname":"rsldeMacBook-Pro.local","pid":12309,"level":20,"msg":"Processed: \u001b[35mlayout/_scripts/schemes/pisces.swig\u001b[39m","time":"2017-03-22T21:10:24.451Z","v":0}
{"name":"hexo","hostname":"rsldeMacBook-Pro.local","pid":12309,"level":20,"msg":"Processed: \u001b[35mlayout/_third-party/comments/changyan.swig\u001b[39m","time":"2017-03-22T21:10:24.451Z","v":0}
{"name":"hexo","hostname":"rsldeMacBook-Pro.local","pid":12309,"level":20,"msg":"Processed: \u001b[35mlayout/_third-party/comments/disqus.swig\u001b[39m","time":"2017-03-22T21:10:24.451Z","v":0}
{"name":"hexo","hostname":"rsldeMacBook-Pro.local","pid":12309,"level":20,"msg":"Processed: \u001b[35mlayout/_third-party/comments/gentie.swig\u001b[39m","time":"2017-03-22T21:10:24.451Z","v":0}
{"name":"hexo","hostname":"rsldeMacBook-Pro.local","pid":12309,"level":20,"msg":"Processed: \u001b[35mlayout/_third-party/comments/index.swig\u001b[39m","time":"2017-03-22T21:10:24.451Z","v":0}
{"name":"hexo","hostname":"rsldeMacBook-Pro.local","pid":12309,"level":20,"msg":"Processed: \u001b[35mlayout/_third-party/comments/hypercomments.swig\u001b[39m","time":"2017-03-22T21:10:24.451Z","v":0}
{"name":"hexo","hostname":"rsldeMacBook-Pro.local","pid":12309,"level":20,"msg":"Processed: \u001b[35mlayout/_third-party/comments/duoshuo.swig\u001b[39m","time":"2017-03-22T21:10:24.451Z","v":0}
{"name":"hexo","hostname":"rsldeMacBook-Pro.local","pid":12309,"level":20,"msg":"Processed: \u001b[35mlayout/_third-party/comments/livere.swig\u001b[39m","time":"2017-03-22T21:10:24.451Z","v":0}
{"name":"hexo","hostname":"rsldeMacBook-Pro.local","pid":12309,"level":20,"msg":"Processed: \u001b[35mlayout/_third-party/comments/youyan.swig\u001b[39m","time":"2017-03-22T21:10:24.451Z","v":0}
{"name":"hexo","hostname":"rsldeMacBook-Pro.local","pid":12309,"level":20,"msg":"Processed: \u001b[35mlayout/_third-party/analytics/application-insights.swig\u001b[39m","time":"2017-03-22T21:10:24.451Z","v":0}
{"name":"hexo","hostname":"rsldeMacBook-Pro.local","pid":12309,"level":20,"msg":"Processed: \u001b[35mlayout/_third-party/analytics/baidu-analytics.swig\u001b[39m","time":"2017-03-22T21:10:24.451Z","v":0}
{"name":"hexo","hostname":"rsldeMacBook-Pro.local","pid":12309,"level":20,"msg":"Processed: \u001b[35mlayout/_third-party/analytics/facebook-sdk.swig\u001b[39m","time":"2017-03-22T21:10:24.451Z","v":0}
{"name":"hexo","hostname":"rsldeMacBook-Pro.local","pid":12309,"level":20,"msg":"Processed: \u001b[35mlayout/_third-party/analytics/busuanzi-counter.swig\u001b[39m","time":"2017-03-22T21:10:24.451Z","v":0}
{"name":"hexo","hostname":"rsldeMacBook-Pro.local","pid":12309,"level":20,"msg":"Processed: \u001b[35mlayout/_third-party/analytics/google-analytics.swig\u001b[39m","time":"2017-03-22T21:10:24.451Z","v":0}
{"name":"hexo","hostname":"rsldeMacBook-Pro.local","pid":12309,"level":20,"msg":"Processed: \u001b[35mlayout/_third-party/analytics/cnzz-analytics.swig\u001b[39m","time":"2017-03-22T21:10:24.452Z","v":0}
{"name":"hexo","hostname":"rsldeMacBook-Pro.local","pid":12309,"level":20,"msg":"Processed: \u001b[35mlayout/_third-party/analytics/index.swig\u001b[39m","time":"2017-03-22T21:10:24.452Z","v":0}
{"name":"hexo","hostname":"rsldeMacBook-Pro.local","pid":12309,"level":20,"msg":"Processed: \u001b[35mlayout/_third-party/analytics/lean-analytics.swig\u001b[39m","time":"2017-03-22T21:10:24.452Z","v":0}
{"name":"hexo","hostname":"rsldeMacBook-Pro.local","pid":12309,"level":20,"msg":"Processed: \u001b[35mlayout/_third-party/analytics/vkontakte-api.swig\u001b[39m","time":"2017-03-22T21:10:24.452Z","v":0}
{"name":"hexo","hostname":"rsldeMacBook-Pro.local","pid":12309,"level":20,"msg":"Processed: \u001b[35mlayout/_third-party/analytics/tencent-analytics.swig\u001b[39m","time":"2017-03-22T21:10:24.452Z","v":0}
{"name":"hexo","hostname":"rsldeMacBook-Pro.local","pid":12309,"level":20,"msg":"Processed: \u001b[35mlayout/_third-party/analytics/tencent-mta.swig\u001b[39m","time":"2017-03-22T21:10:24.452Z","v":0}
{"name":"hexo","hostname":"rsldeMacBook-Pro.local","pid":12309,"level":20,"msg":"Processed: \u001b[35mlayout/_third-party/seo/baidu-push.swig\u001b[39m","time":"2017-03-22T21:10:24.452Z","v":0}
{"name":"hexo","hostname":"rsldeMacBook-Pro.local","pid":12309,"level":20,"msg":"Processed: \u001b[35mlayout/_third-party/search/index.swig\u001b[39m","time":"2017-03-22T21:10:24.452Z","v":0}
{"name":"hexo","hostname":"rsldeMacBook-Pro.local","pid":12309,"level":20,"msg":"Processed: \u001b[35mlayout/_third-party/search/tinysou.swig\u001b[39m","time":"2017-03-22T21:10:24.452Z","v":0}
{"name":"hexo","hostname":"rsldeMacBook-Pro.local","pid":12309,"level":20,"msg":"Processed: \u001b[35mlayout/_third-party/search/localsearch.swig\u001b[39m","time":"2017-03-22T21:10:24.452Z","v":0}
{"name":"hexo","hostname":"rsldeMacBook-Pro.local","pid":12309,"level":20,"msg":"Processed: \u001b[35msource/lib/fancybox/source/helpers/fancybox_buttons.png\u001b[39m","time":"2017-03-22T21:10:24.456Z","v":0}
{"name":"hexo","hostname":"rsldeMacBook-Pro.local","pid":12309,"level":20,"msg":"Processed: \u001b[35msource/lib/fancybox/source/helpers/jquery.fancybox-buttons.css\u001b[39m","time":"2017-03-22T21:10:24.456Z","v":0}
{"name":"hexo","hostname":"rsldeMacBook-Pro.local","pid":12309,"level":20,"msg":"Processed: \u001b[35msource/lib/fancybox/source/helpers/jquery.fancybox-buttons.js\u001b[39m","time":"2017-03-22T21:10:24.458Z","v":0}
{"name":"hexo","hostname":"rsldeMacBook-Pro.local","pid":12309,"level":20,"msg":"Processed: \u001b[35msource/lib/fancybox/source/helpers/jquery.fancybox-thumbs.css\u001b[39m","time":"2017-03-22T21:10:24.459Z","v":0}
{"name":"hexo","hostname":"rsldeMacBook-Pro.local","pid":12309,"level":20,"msg":"Processed: \u001b[35msource/lib/fancybox/source/helpers/jquery.fancybox-media.js\u001b[39m","time":"2017-03-22T21:10:24.459Z","v":0}
{"name":"hexo","hostname":"rsldeMacBook-Pro.local","pid":12309,"level":20,"msg":"Processed: \u001b[35msource/lib/font-awesome/fonts/fontawesome-webfont.eot\u001b[39m","time":"2017-03-22T21:10:24.459Z","v":0}
{"name":"hexo","hostname":"rsldeMacBook-Pro.local","pid":12309,"level":20,"msg":"Processed: \u001b[35msource/lib/font-awesome/fonts/FontAwesome.otf\u001b[39m","time":"2017-03-22T21:10:24.460Z","v":0}
{"name":"hexo","hostname":"rsldeMacBook-Pro.local","pid":12309,"level":20,"msg":"Processed: \u001b[35msource/lib/fancybox/source/helpers/jquery.fancybox-thumbs.js\u001b[39m","time":"2017-03-22T21:10:24.460Z","v":0}
{"name":"hexo","hostname":"rsldeMacBook-Pro.local","pid":12309,"level":20,"msg":"Processed: \u001b[35msource/lib/font-awesome/fonts/fontawesome-webfont.ttf\u001b[39m","time":"2017-03-22T21:10:24.460Z","v":0}
{"name":"hexo","hostname":"rsldeMacBook-Pro.local","pid":12309,"level":20,"msg":"Processed: \u001b[35msource/lib/algolia-instant-search/instantsearch.min.js\u001b[39m","time":"2017-03-22T21:10:24.462Z","v":0}
{"name":"hexo","hostname":"rsldeMacBook-Pro.local","pid":12309,"level":20,"msg":"Processed: \u001b[35mlayout/_third-party/search/algolia-search/assets.swig\u001b[39m","time":"2017-03-22T21:10:24.464Z","v":0}
{"name":"hexo","hostname":"rsldeMacBook-Pro.local","pid":12309,"level":20,"msg":"Processed: \u001b[35mlayout/_third-party/search/algolia-search/dom.swig\u001b[39m","time":"2017-03-22T21:10:24.464Z","v":0}
{"name":"hexo","hostname":"rsldeMacBook-Pro.local","pid":12309,"level":20,"msg":"Processed: \u001b[35msource/lib/font-awesome/fonts/fontawesome-webfont.svg\u001b[39m","time":"2017-03-22T21:10:24.465Z","v":0}
{"name":"hexo","hostname":"rsldeMacBook-Pro.local","pid":12309,"level":20,"msg":"Generator: \u001b[35mpage\u001b[39m","time":"2017-03-22T21:10:24.565Z","v":0}
{"name":"hexo","hostname":"rsldeMacBook-Pro.local","pid":12309,"level":20,"msg":"Generator: \u001b[35mpost\u001b[39m","time":"2017-03-22T21:10:24.565Z","v":0}
{"name":"hexo","hostname":"rsldeMacBook-Pro.local","pid":12309,"level":20,"msg":"Generator: \u001b[35marchive\u001b[39m","time":"2017-03-22T21:10:24.565Z","v":0}
{"name":"hexo","hostname":"rsldeMacBook-Pro.local","pid":12309,"level":20,"msg":"Generator: \u001b[35mcategory\u001b[39m","time":"2017-03-22T21:10:24.565Z","v":0}
{"name":"hexo","hostname":"rsldeMacBook-Pro.local","pid":12309,"level":20,"msg":"Generator: \u001b[35mindex\u001b[39m","time":"2017-03-22T21:10:24.565Z","v":0}
{"name":"hexo","hostname":"rsldeMacBook-Pro.local","pid":12309,"level":20,"msg":"Generator: \u001b[35mtag\u001b[39m","time":"2017-03-22T21:10:24.565Z","v":0}
{"name":"hexo","hostname":"rsldeMacBook-Pro.local","pid":12309,"level":20,"msg":"Generator: \u001b[35masset\u001b[39m","time":"2017-03-22T21:10:24.567Z","v":0}
{"name":"hexo","hostname":"rsldeMacBook-Pro.local","pid":12309,"level":30,"msg":"Hexo is running at \u001b[4mhttp://localhost:4000/blog/\u001b[24m. Press Ctrl+C to stop.","time":"2017-03-22T21:10:24.573Z","v":0}
{"name":"hexo","hostname":"rsldeMacBook-Pro.local","pid":12309,"level":20,"msg":"Database saved","time":"2017-03-22T21:10:24.589Z","v":0}
{"name":"hexo","hostname":"rsldeMacBook-Pro.local","pid":12309,"level":30,"msg":"See you again","time":"2017-03-22T21:11:14.839Z","v":0}
{"name":"hexo","hostname":"rsldeMacBook-Pro.local","pid":12309,"level":20,"msg":"Database saved","time":"2017-03-22T21:11:14.864Z","v":0}
